#-----------------------------------------------------------
# Vivado v2022.1 (64-bit)
# SW Build 3526262 on Mon Apr 18 15:48:16 MDT 2022
# IP Build 3524634 on Mon Apr 18 20:55:01 MDT 2022
# Start of session at: Tue Jun 28 11:46:48 2022
# Process ID: 7140
# Current directory: D:/EE3/Summer/ARMProject/MyBicubic
# Command line: vivado.exe -gui_launcher_event rodinguilauncherevent20304 D:\EE3\Summer\ARMProject\MyBicubic\MyBicubic.xpr
# Log file: D:/EE3/Summer/ARMProject/MyBicubic/vivado.log
# Journal file: D:/EE3/Summer/ARMProject/MyBicubic\vivado.jou
# Running On: DESKTOP-GNUSKP8, OS: Windows, CPU Frequency: 2304 MHz, CPU Physical cores: 8, Host memory: 34085 MB
#-----------------------------------------------------------
start_gui
open_project D:/EE3/Summer/ARMProject/MyBicubic/MyBicubic.xpr
WARNING: [Board 49-26] cannot add Board Part xilinx.com:kc705:part0:1.6 available at F:/Vivado/Vivado/2022.1/data/xhub/boards/XilinxBoardStore/boards/Xilinx/kc705/1.6/board.xml as part xc7k325tffg900-2 specified in board_part file is either invalid or not available
WARNING: [Board 49-26] cannot add Board Part xilinx.com:kcu105:part0:1.6 available at F:/Vivado/Vivado/2022.1/data/xhub/boards/XilinxBoardStore/boards/Xilinx/kcu105/1.6/board.xml as part xcku040-ffva1156-2-e specified in board_part file is either invalid or not available
WARNING: [Board 49-26] cannot add Board Part xilinx.com:kcu105:part0:1.7 available at F:/Vivado/Vivado/2022.1/data/xhub/boards/XilinxBoardStore/boards/Xilinx/kcu105/1.7/board.xml as part xcku040-ffva1156-2-e specified in board_part file is either invalid or not available
WARNING: [Board 49-26] cannot add Board Part xilinx.com:kcu1500:part0:1.2 available at F:/Vivado/Vivado/2022.1/data/xhub/boards/XilinxBoardStore/boards/Xilinx/kcu1500/1.2/board.xml as part xcku115-flvb2104-2-e specified in board_part file is either invalid or not available
WARNING: [Board 49-26] cannot add Board Part xilinx.com:vc707:part0:1.4 available at F:/Vivado/Vivado/2022.1/data/xhub/boards/XilinxBoardStore/boards/Xilinx/vc707/1.4/board.xml as part xc7vx485tffg1761-2 specified in board_part file is either invalid or not available
WARNING: [Board 49-26] cannot add Board Part xilinx.com:vc709:part0:1.8 available at F:/Vivado/Vivado/2022.1/data/xhub/boards/XilinxBoardStore/boards/Xilinx/vc709/1.8/board.xml as part xc7vx690tffg1761-2 specified in board_part file is either invalid or not available
WARNING: [Board 49-26] cannot add Board Part xilinx.com:vck190:part0:2.2 available at F:/Vivado/Vivado/2022.1/data/xhub/boards/XilinxBoardStore/boards/Xilinx/vck190/production/2.2/board.xml as part xcvc1902-vsva2197-2mp-e-s specified in board_part file is either invalid or not available
WARNING: [Board 49-26] cannot add Board Part xilinx.com:vck190:part0:3.0 available at F:/Vivado/Vivado/2022.1/data/xhub/boards/XilinxBoardStore/boards/Xilinx/vck190/production/3.0/board.xml as part xcvc1902-vsva2197-2mp-e-s specified in board_part file is either invalid or not available
WARNING: [Board 49-26] cannot add Board Part xilinx.com:vck190_newl:part0:1.0 available at F:/Vivado/Vivado/2022.1/data/xhub/boards/XilinxBoardStore/boards/Xilinx/vck190_newl/production/1.0/board.xml as part xcvc1902-vsva2197-2mp-e-s specified in board_part file is either invalid or not available
WARNING: [Board 49-26] cannot add Board Part xilinx.com:vcu108:part0:1.6 available at F:/Vivado/Vivado/2022.1/data/xhub/boards/XilinxBoardStore/boards/Xilinx/vcu108/1.6/board.xml as part xcvu095-ffva2104-2-e specified in board_part file is either invalid or not available
WARNING: [Board 49-26] cannot add Board Part xilinx.com:vcu108:part0:1.7 available at F:/Vivado/Vivado/2022.1/data/xhub/boards/XilinxBoardStore/boards/Xilinx/vcu108/1.7/board.xml as part xcvu095-ffva2104-2-e specified in board_part file is either invalid or not available
WARNING: [Board 49-26] cannot add Board Part xilinx.com:vcu110:part0:1.4 available at F:/Vivado/Vivado/2022.1/data/xhub/boards/XilinxBoardStore/boards/Xilinx/vcu110/1.4/board.xml as part xcvu190-flgc2104-2-e specified in board_part file is either invalid or not available
WARNING: [Board 49-26] cannot add Board Part xilinx.com:vcu118:part0:2.0 available at F:/Vivado/Vivado/2022.1/data/xhub/boards/XilinxBoardStore/boards/Xilinx/vcu118/2.0/board.xml as part xcvu9p-flga2104-2l-e specified in board_part file is either invalid or not available
WARNING: [Board 49-26] cannot add Board Part xilinx.com:vcu118:part0:2.3 available at F:/Vivado/Vivado/2022.1/data/xhub/boards/XilinxBoardStore/boards/Xilinx/vcu118/2.3/board.xml as part xcvu9p-flga2104-2l-e specified in board_part file is either invalid or not available
WARNING: [Board 49-26] cannot add Board Part xilinx.com:vcu118:part0:2.4 available at F:/Vivado/Vivado/2022.1/data/xhub/boards/XilinxBoardStore/boards/Xilinx/vcu118/2.4/board.xml as part xcvu9p-flga2104-2l-e specified in board_part file is either invalid or not available
WARNING: [Board 49-26] cannot add Board Part xilinx.com:vcu128:part0:1.0 available at F:/Vivado/Vivado/2022.1/data/xhub/boards/XilinxBoardStore/boards/Xilinx/vcu128/production/1.0/board.xml as part xcvu37p-fsvh2892-2l-e specified in board_part file is either invalid or not available
WARNING: [Board 49-26] cannot add Board Part xilinx.com:vcu129:part0:1.0 available at F:/Vivado/Vivado/2022.1/data/xhub/boards/XilinxBoardStore/boards/Xilinx/vcu129/production/1.0/board.xml as part xcvu29p-fsga2577-2l-e specified in board_part file is either invalid or not available
WARNING: [Board 49-26] cannot add Board Part xilinx.com:vcu1525:part0:1.3 available at F:/Vivado/Vivado/2022.1/data/xhub/boards/XilinxBoardStore/boards/Xilinx/vcu1525/1.3/board.xml as part xcvu9p-fsgd2104-2l-e specified in board_part file is either invalid or not available
WARNING: [Board 49-26] cannot add Board Part xilinx.com:vermeo_t1_mpsoc:part0:1.0 available at F:/Vivado/Vivado/2022.1/data/xhub/boards/XilinxBoardStore/boards/Xilinx/vermeo_t1_mpsoc/1.0/board.xml as part xczu19eg-ffvd1760-2l-e specified in board_part file is either invalid or not available
WARNING: [Board 49-26] cannot add Board Part xilinx.com:vermeo_t1_rfsoc:part0:1.0 available at F:/Vivado/Vivado/2022.1/data/xhub/boards/XilinxBoardStore/boards/Xilinx/vermeo_t1_rfsoc/1.0/board.xml as part xczu21dr-ffvd1156-2l-e specified in board_part file is either invalid or not available
WARNING: [Board 49-26] cannot add Board Part xilinx.com:vmk180:part0:2.2 available at F:/Vivado/Vivado/2022.1/data/xhub/boards/XilinxBoardStore/boards/Xilinx/vmk180/production/2.2/board.xml as part xcvm1802-vsva2197-2mp-e-s specified in board_part file is either invalid or not available
WARNING: [Board 49-26] cannot add Board Part xilinx.com:vmk180:part0:3.0 available at F:/Vivado/Vivado/2022.1/data/xhub/boards/XilinxBoardStore/boards/Xilinx/vmk180/production/3.0/board.xml as part xcvm1802-vsva2197-2mp-e-s specified in board_part file is either invalid or not available
WARNING: [Board 49-26] cannot add Board Part xilinx.com:vmk180_newl:part0:1.0 available at F:/Vivado/Vivado/2022.1/data/xhub/boards/XilinxBoardStore/boards/Xilinx/vmk180_newl/production/1.0/board.xml as part xcvm1802-vsva2197-2mp-e-s specified in board_part file is either invalid or not available
WARNING: [Board 49-26] cannot add Board Part xilinx.com:vpk120_es:part0:1.2 available at F:/Vivado/Vivado/2022.1/data/xhub/boards/XilinxBoardStore/boards/Xilinx/vpk120/es/1.2/board.xml as part xcvp1202-vsva2785-2mp-e-s-es1 specified in board_part file is either invalid or not available
WARNING: [Board 49-26] cannot add Board Part xilinx.com:vpk120_es_revb:part0:1.0 available at F:/Vivado/Vivado/2022.1/data/xhub/boards/XilinxBoardStore/boards/Xilinx/vpk120_revb/es/1.0/board.xml as part xcvp1202-vsva2785-2mp-e-s-es1 specified in board_part file is either invalid or not available
WARNING: [Board 49-26] cannot add Board Part xilinx.com:zc706:part0:1.4 available at F:/Vivado/Vivado/2022.1/data/xhub/boards/XilinxBoardStore/boards/Xilinx/zc706/1.4/board.xml as part xc7z045ffg900-2 specified in board_part file is either invalid or not available
WARNING: [Board 49-26] cannot add Board Part xilinx.com:zcu102:part0:3.3 available at F:/Vivado/Vivado/2022.1/data/xhub/boards/XilinxBoardStore/boards/Xilinx/zcu102/3.3/board.xml as part xczu9eg-ffvb1156-2-e specified in board_part file is either invalid or not available
WARNING: [Board 49-26] cannot add Board Part xilinx.com:zcu102:part0:3.4 available at F:/Vivado/Vivado/2022.1/data/xhub/boards/XilinxBoardStore/boards/Xilinx/zcu102/3.4/board.xml as part xczu9eg-ffvb1156-2-e specified in board_part file is either invalid or not available
WARNING: [Board 49-26] cannot add Board Part xilinx.com:zcu111:part0:1.2 available at F:/Vivado/Vivado/2022.1/data/xhub/boards/XilinxBoardStore/boards/Xilinx/zcu111/1.2/board.xml as part xczu28dr-ffvg1517-2-e specified in board_part file is either invalid or not available
WARNING: [Board 49-26] cannot add Board Part xilinx.com:zcu111:part0:1.3 available at F:/Vivado/Vivado/2022.1/data/xhub/boards/XilinxBoardStore/boards/Xilinx/zcu111/1.3/board.xml as part xczu28dr-ffvg1517-2-e specified in board_part file is either invalid or not available
WARNING: [Board 49-26] cannot add Board Part xilinx.com:zcu111:part0:1.4 available at F:/Vivado/Vivado/2022.1/data/xhub/boards/XilinxBoardStore/boards/Xilinx/zcu111/1.4/board.xml as part xczu28dr-ffvg1517-2-e specified in board_part file is either invalid or not available
WARNING: [Board 49-26] cannot add Board Part xilinx.com:zcu1275:part0:1.0 available at F:/Vivado/Vivado/2022.1/data/xhub/boards/XilinxBoardStore/boards/Xilinx/zcu1275/1.0/board.xml as part xczu29dr-ffvf1760-2-e specified in board_part file is either invalid or not available
WARNING: [Board 49-26] cannot add Board Part xilinx.com:zcu1285:part0:1.0 available at F:/Vivado/Vivado/2022.1/data/xhub/boards/XilinxBoardStore/boards/Xilinx/zcu1285/1.0/board.xml as part xczu39dr-ffvf1760-2-i specified in board_part file is either invalid or not available
WARNING: [Board 49-26] cannot add Board Part xilinx.com:zcu208:part0:2.0 available at F:/Vivado/Vivado/2022.1/data/xhub/boards/XilinxBoardStore/boards/Xilinx/zcu208/production/2.0/board.xml as part xczu48dr-fsvg1517-2-e specified in board_part file is either invalid or not available
WARNING: [Board 49-26] cannot add Board Part xilinx.com:zcu208ld:part0:2.0 available at F:/Vivado/Vivado/2022.1/data/xhub/boards/XilinxBoardStore/boards/Xilinx/zcu208ld/production/2.0/board.xml as part xczu58dr-fsvg1517-2-i specified in board_part file is either invalid or not available
WARNING: [Board 49-26] cannot add Board Part xilinx.com:zcu216:part0:2.0 available at F:/Vivado/Vivado/2022.1/data/xhub/boards/XilinxBoardStore/boards/Xilinx/zcu216/production/2.0/board.xml as part xczu49dr-ffvf1760-2-e specified in board_part file is either invalid or not available
WARNING: [Board 49-26] cannot add Board Part xilinx.com:zcu216ld:part0:2.0 available at F:/Vivado/Vivado/2022.1/data/xhub/boards/XilinxBoardStore/boards/Xilinx/zcu216ld/production/2.0/board.xml as part xczu59dr-ffvf1760-2-i specified in board_part file is either invalid or not available
WARNING: [Board 49-26] cannot add Board Part xilinx.com:zcu670:part0:2.0 available at F:/Vivado/Vivado/2022.1/data/xhub/boards/XilinxBoardStore/boards/Xilinx/zcu670/2.0/board.xml as part xczu67dr-fsve1156-2-i specified in board_part file is either invalid or not available
WARNING: [Board 49-26] cannot add Board Part xilinx.com:zcu670ld:part0:1.0 available at F:/Vivado/Vivado/2022.1/data/xhub/boards/XilinxBoardStore/boards/Xilinx/zcu670ld/1.0/board.xml as part xczu57dr-fsve1156-2-i specified in board_part file is either invalid or not available
INFO: [filemgmt 56-3] Default IP Output Path : Could not find the directory 'D:/EE3/Summer/ARMProject/MyBicubic/MyBicubic.gen/sources_1'.
Scanning sources...
Finished scanning sources
INFO: [IP_Flow 19-234] Refreshing IP repositories
INFO: [IP_Flow 19-1704] No user IP repositories specified
INFO: [IP_Flow 19-2313] Loaded Vivado IP repository 'F:/Vivado/Vivado/2022.1/data/ip'.
open_project: Time (s): cpu = 00:00:14 ; elapsed = 00:00:05 . Memory (MB): peak = 1687.363 ; gain = 0.000
update_compile_order -fileset sources_1
create_ip -name floating_point -vendor xilinx.com -library ip -version 7.1 -module_name floating_point_0
set_property -dict [list CONFIG.Operation_Type {Divide} CONFIG.A_Precision_Type {Half} CONFIG.C_A_Exponent_Width {5} CONFIG.C_A_Fraction_Width {11} CONFIG.Result_Precision_Type {Half} CONFIG.C_Result_Exponent_Width {5} CONFIG.C_Result_Fraction_Width {11} CONFIG.C_Accum_Msb {32} CONFIG.C_Accum_Lsb {-24} CONFIG.C_Accum_Input_Msb {15} CONFIG.C_Mult_Usage {No_Usage} CONFIG.C_Latency {16} CONFIG.C_Rate {1}] [get_ips floating_point_0]
generate_target {instantiation_template} [get_files d:/EE3/Summer/ARMProject/MyBicubic/MyBicubic.srcs/sources_1/ip/floating_point_0/floating_point_0.xci]
INFO: [IP_Flow 19-1686] Generating 'Instantiation Template' target for IP 'floating_point_0'...
update_compile_order -fileset sources_1
generate_target all [get_files  d:/EE3/Summer/ARMProject/MyBicubic/MyBicubic.srcs/sources_1/ip/floating_point_0/floating_point_0.xci]
INFO: [IP_Flow 19-1686] Generating 'Synthesis' target for IP 'floating_point_0'...
INFO: [IP_Flow 19-1686] Generating 'Simulation' target for IP 'floating_point_0'...
INFO: [IP_Flow 19-1686] Generating 'C Simulation' target for IP 'floating_point_0'...
INFO: [IP_Flow 19-1686] Generating 'Test Bench' target for IP 'floating_point_0'...
INFO: [IP_Flow 19-1686] Generating 'Change Log' target for IP 'floating_point_0'...
catch { config_ip_cache -export [get_ips -all floating_point_0] }
export_ip_user_files -of_objects [get_files d:/EE3/Summer/ARMProject/MyBicubic/MyBicubic.srcs/sources_1/ip/floating_point_0/floating_point_0.xci] -no_script -sync -force -quiet
create_ip_run [get_files -of_objects [get_fileset sources_1] d:/EE3/Summer/ARMProject/MyBicubic/MyBicubic.srcs/sources_1/ip/floating_point_0/floating_point_0.xci]
launch_runs floating_point_0_synth_1 -jobs 8
[Tue Jun 28 12:47:01 2022] Launched floating_point_0_synth_1...
Run output will be captured here: D:/EE3/Summer/ARMProject/MyBicubic/MyBicubic.runs/floating_point_0_synth_1/runme.log
export_simulation -of_objects [get_files d:/EE3/Summer/ARMProject/MyBicubic/MyBicubic.srcs/sources_1/ip/floating_point_0/floating_point_0.xci] -directory D:/EE3/Summer/ARMProject/MyBicubic/MyBicubic.ip_user_files/sim_scripts -ip_user_files_dir D:/EE3/Summer/ARMProject/MyBicubic/MyBicubic.ip_user_files -ipstatic_source_dir D:/EE3/Summer/ARMProject/MyBicubic/MyBicubic.ip_user_files/ipstatic -lib_map_path [list {modelsim=D:/EE3/Summer/ARMProject/MyBicubic/MyBicubic.cache/compile_simlib/modelsim} {questa=D:/EE3/Summer/ARMProject/MyBicubic/MyBicubic.cache/compile_simlib/questa} {riviera=D:/EE3/Summer/ARMProject/MyBicubic/MyBicubic.cache/compile_simlib/riviera} {activehdl=D:/EE3/Summer/ARMProject/MyBicubic/MyBicubic.cache/compile_simlib/activehdl}] -use_ip_compiled_libs -force -quiet
export_ip_user_files -of_objects  [get_files d:/EE3/Summer/ARMProject/MyBicubic/MyBicubic.srcs/sources_1/ip/floating_point_0/floating_point_0.xci] -no_script -reset -force -quiet
remove_files  -fileset floating_point_0 d:/EE3/Summer/ARMProject/MyBicubic/MyBicubic.srcs/sources_1/ip/floating_point_0/floating_point_0.xci
WARNING: [Vivado 12-1017] Problems encountered:
1. PID not specified

INFO: [Project 1-386] Moving file 'd:/EE3/Summer/ARMProject/MyBicubic/MyBicubic.srcs/sources_1/ip/floating_point_0/floating_point_0.xci' from fileset 'floating_point_0' to fileset 'sources_1'.
create_ip -name floating_point -vendor xilinx.com -library ip -version 7.1 -module_name float16_divide
set_property -dict [list CONFIG.Component_Name {float16_divide} CONFIG.Operation_Type {Divide} CONFIG.A_Precision_Type {Half} CONFIG.C_A_Exponent_Width {5} CONFIG.C_A_Fraction_Width {11} CONFIG.Result_Precision_Type {Half} CONFIG.C_Result_Exponent_Width {5} CONFIG.C_Result_Fraction_Width {11} CONFIG.C_Accum_Msb {32} CONFIG.C_Accum_Lsb {-24} CONFIG.C_Accum_Input_Msb {15} CONFIG.C_Mult_Usage {No_Usage} CONFIG.C_Latency {16} CONFIG.C_Rate {1}] [get_ips float16_divide]
WARNING: [Vivado 12-3523] Attempt to change 'Component_Name' from 'float16_divide' to 'float16_divide' is not allowed and is ignored.
generate_target {instantiation_template} [get_files d:/EE3/Summer/ARMProject/MyBicubic/MyBicubic.srcs/sources_1/ip/float16_divide/float16_divide.xci]
INFO: [IP_Flow 19-1686] Generating 'Instantiation Template' target for IP 'float16_divide'...
update_compile_order -fileset sources_1
generate_target all [get_files  d:/EE3/Summer/ARMProject/MyBicubic/MyBicubic.srcs/sources_1/ip/float16_divide/float16_divide.xci]
INFO: [IP_Flow 19-1686] Generating 'Synthesis' target for IP 'float16_divide'...
INFO: [IP_Flow 19-1686] Generating 'Simulation' target for IP 'float16_divide'...
INFO: [IP_Flow 19-1686] Generating 'C Simulation' target for IP 'float16_divide'...
INFO: [IP_Flow 19-1686] Generating 'Test Bench' target for IP 'float16_divide'...
INFO: [IP_Flow 19-1686] Generating 'Change Log' target for IP 'float16_divide'...
catch { config_ip_cache -export [get_ips -all float16_divide] }
INFO: [IP_Flow 19-4993] Using cached IP synthesis design for IP float16_divide, cache-ID = 0384f8a2d582a352; cache size = 1.489 MB.
export_ip_user_files -of_objects [get_files d:/EE3/Summer/ARMProject/MyBicubic/MyBicubic.srcs/sources_1/ip/float16_divide/float16_divide.xci] -no_script -sync -force -quiet
create_ip_run [get_files -of_objects [get_fileset sources_1] d:/EE3/Summer/ARMProject/MyBicubic/MyBicubic.srcs/sources_1/ip/float16_divide/float16_divide.xci]
INFO: [Vivado 12-3453] The given sub-design is up-to-date, no action was taken.  If a run is still desired, use the '-force' option for the file:'d:/EE3/Summer/ARMProject/MyBicubic/MyBicubic.srcs/sources_1/ip/float16_divide/float16_divide.xci'
export_simulation -of_objects [get_files d:/EE3/Summer/ARMProject/MyBicubic/MyBicubic.srcs/sources_1/ip/float16_divide/float16_divide.xci] -directory D:/EE3/Summer/ARMProject/MyBicubic/MyBicubic.ip_user_files/sim_scripts -ip_user_files_dir D:/EE3/Summer/ARMProject/MyBicubic/MyBicubic.ip_user_files -ipstatic_source_dir D:/EE3/Summer/ARMProject/MyBicubic/MyBicubic.ip_user_files/ipstatic -lib_map_path [list {modelsim=D:/EE3/Summer/ARMProject/MyBicubic/MyBicubic.cache/compile_simlib/modelsim} {questa=D:/EE3/Summer/ARMProject/MyBicubic/MyBicubic.cache/compile_simlib/questa} {riviera=D:/EE3/Summer/ARMProject/MyBicubic/MyBicubic.cache/compile_simlib/riviera} {activehdl=D:/EE3/Summer/ARMProject/MyBicubic/MyBicubic.cache/compile_simlib/activehdl}] -use_ip_compiled_libs -force -quiet
close [ open D:/EE3/Summer/ARMProject/MyBicubic/MyBicubic.srcs/sources_1/new/new_pixel.v w ]
add_files D:/EE3/Summer/ARMProject/MyBicubic/MyBicubic.srcs/sources_1/new/new_pixel.v
update_compile_order -fileset sources_1
create_ip -name floating_point -vendor xilinx.com -library ip -version 7.1 -module_name float16_mult
set_property -dict [list CONFIG.Component_Name {float16_mult} CONFIG.Operation_Type {Multiply} CONFIG.A_Precision_Type {Half} CONFIG.Axi_Optimize_Goal {Performance} CONFIG.Has_A_TLAST {false} CONFIG.C_A_Exponent_Width {5} CONFIG.C_A_Fraction_Width {11} CONFIG.Result_Precision_Type {Half} CONFIG.C_Result_Exponent_Width {5} CONFIG.C_Result_Fraction_Width {11} CONFIG.C_Accum_Msb {32} CONFIG.C_Accum_Lsb {-24} CONFIG.C_Accum_Input_Msb {15} CONFIG.C_Mult_Usage {Full_Usage} CONFIG.C_Latency {9} CONFIG.C_Rate {1} CONFIG.RESULT_TLAST_Behv {Null}] [get_ips float16_mult]
WARNING: [Vivado 12-3523] Attempt to change 'Component_Name' from 'float16_mult' to 'float16_mult' is not allowed and is ignored.
generate_target {instantiation_template} [get_files d:/EE3/Summer/ARMProject/MyBicubic/MyBicubic.srcs/sources_1/ip/float16_mult/float16_mult.xci]
INFO: [IP_Flow 19-1686] Generating 'Instantiation Template' target for IP 'float16_mult'...
update_compile_order -fileset sources_1
generate_target all [get_files  d:/EE3/Summer/ARMProject/MyBicubic/MyBicubic.srcs/sources_1/ip/float16_mult/float16_mult.xci]
INFO: [IP_Flow 19-1686] Generating 'Synthesis' target for IP 'float16_mult'...
INFO: [IP_Flow 19-1686] Generating 'Simulation' target for IP 'float16_mult'...
INFO: [IP_Flow 19-1686] Generating 'C Simulation' target for IP 'float16_mult'...
INFO: [IP_Flow 19-1686] Generating 'Test Bench' target for IP 'float16_mult'...
INFO: [IP_Flow 19-1686] Generating 'Change Log' target for IP 'float16_mult'...
catch { config_ip_cache -export [get_ips -all float16_mult] }
export_ip_user_files -of_objects [get_files d:/EE3/Summer/ARMProject/MyBicubic/MyBicubic.srcs/sources_1/ip/float16_mult/float16_mult.xci] -no_script -sync -force -quiet
create_ip_run [get_files -of_objects [get_fileset sources_1] d:/EE3/Summer/ARMProject/MyBicubic/MyBicubic.srcs/sources_1/ip/float16_mult/float16_mult.xci]
launch_runs float16_mult_synth_1 -jobs 8
[Tue Jun 28 14:21:19 2022] Launched float16_mult_synth_1...
Run output will be captured here: D:/EE3/Summer/ARMProject/MyBicubic/MyBicubic.runs/float16_mult_synth_1/runme.log
launch_runs: Time (s): cpu = 00:00:01 ; elapsed = 00:00:06 . Memory (MB): peak = 1687.363 ; gain = 0.000
export_simulation -of_objects [get_files d:/EE3/Summer/ARMProject/MyBicubic/MyBicubic.srcs/sources_1/ip/float16_mult/float16_mult.xci] -directory D:/EE3/Summer/ARMProject/MyBicubic/MyBicubic.ip_user_files/sim_scripts -ip_user_files_dir D:/EE3/Summer/ARMProject/MyBicubic/MyBicubic.ip_user_files -ipstatic_source_dir D:/EE3/Summer/ARMProject/MyBicubic/MyBicubic.ip_user_files/ipstatic -lib_map_path [list {modelsim=D:/EE3/Summer/ARMProject/MyBicubic/MyBicubic.cache/compile_simlib/modelsim} {questa=D:/EE3/Summer/ARMProject/MyBicubic/MyBicubic.cache/compile_simlib/questa} {riviera=D:/EE3/Summer/ARMProject/MyBicubic/MyBicubic.cache/compile_simlib/riviera} {activehdl=D:/EE3/Summer/ARMProject/MyBicubic/MyBicubic.cache/compile_simlib/activehdl}] -use_ip_compiled_libs -force -quiet
close [ open D:/EE3/Summer/ARMProject/MyBicubic/MyBicubic.srcs/sources_1/new/new_blockofpixels.v w ]
add_files D:/EE3/Summer/ARMProject/MyBicubic/MyBicubic.srcs/sources_1/new/new_blockofpixels.v
update_compile_order -fileset sources_1
export_ip_user_files -of_objects  [get_files D:/EE3/Summer/ARMProject/MyBicubic/MyBicubic.srcs/sources_1/new/plus2pixel.v] -no_script -reset -force -quiet
remove_files  D:/EE3/Summer/ARMProject/MyBicubic/MyBicubic.srcs/sources_1/new/plus2pixel.v
close [ open D:/EE3/Summer/ARMProject/MyBicubic/MyBicubic.srcs/sources_1/new/fill_all_blocks.v w ]
add_files D:/EE3/Summer/ARMProject/MyBicubic/MyBicubic.srcs/sources_1/new/fill_all_blocks.v
update_compile_order -fileset sources_1
exit
INFO: [Common 17-206] Exiting Vivado at Tue Jun 28 14:52:23 2022...
